<?xml version="1.0" encoding="UTF-8"?>
<testsuite name="com.example.demo.Test2ApplicationTests" tests="1" skipped="0" failures="0" errors="0" timestamp="2021-12-10T05:45:41" hostname="317f0aaefef2" time="6.112">
  <properties/>
  <testcase name="contextLoads()" classname="com.example.demo.Test2ApplicationTests" time="6.112"/>
  <system-out><![CDATA[05:45:02.987 [Test worker] DEBUG org.springframework.test.context.BootstrapUtils - Instantiating CacheAwareContextLoaderDelegate from class [org.springframework.test.context.cache.DefaultCacheAwareContextLoaderDelegate]
05:45:03.165 [Test worker] DEBUG org.springframework.test.context.BootstrapUtils - Instantiating BootstrapContext using constructor [public org.springframework.test.context.support.DefaultBootstrapContext(java.lang.Class,org.springframework.test.context.CacheAwareContextLoaderDelegate)]
05:45:03.627 [Test worker] DEBUG org.springframework.test.context.BootstrapUtils - Instantiating TestContextBootstrapper for test class [com.example.demo.Test2ApplicationTests] from class [org.springframework.boot.test.context.SpringBootTestContextBootstrapper]
05:45:03.797 [Test worker] INFO org.springframework.boot.test.context.SpringBootTestContextBootstrapper - Neither @ContextConfiguration nor @ContextHierarchy found for test class [com.example.demo.Test2ApplicationTests], using SpringBootContextLoader
05:45:03.854 [Test worker] DEBUG org.springframework.test.context.support.AbstractContextLoader - Did not detect default resource location for test class [com.example.demo.Test2ApplicationTests]: class path resource [com/example/demo/Test2ApplicationTests-context.xml] does not exist
05:45:03.863 [Test worker] DEBUG org.springframework.test.context.support.AbstractContextLoader - Did not detect default resource location for test class [com.example.demo.Test2ApplicationTests]: class path resource [com/example/demo/Test2ApplicationTestsContext.groovy] does not exist
05:45:03.866 [Test worker] INFO org.springframework.test.context.support.AbstractContextLoader - Could not detect default resource locations for test class [com.example.demo.Test2ApplicationTests]: no resource found for suffixes {-context.xml, Context.groovy}.
05:45:03.873 [Test worker] INFO org.springframework.test.context.support.AnnotationConfigContextLoaderUtils - Could not detect default configuration classes for test class [com.example.demo.Test2ApplicationTests]: Test2ApplicationTests does not declare any static, non-private, non-final, nested classes annotated with @Configuration.
05:45:04.519 [Test worker] DEBUG org.springframework.test.context.support.ActiveProfilesUtils - Could not find an 'annotation declaring class' for annotation type [org.springframework.test.context.ActiveProfiles] and class [com.example.demo.Test2ApplicationTests]
05:45:05.323 [Test worker] DEBUG org.springframework.context.annotation.ClassPathScanningCandidateComponentProvider - Identified candidate component class: file [/srv/build/classes/java/main/com/example/demo/Test2Application.class]
05:45:05.333 [Test worker] INFO org.springframework.boot.test.context.SpringBootTestContextBootstrapper - Found @SpringBootConfiguration com.example.demo.Test2Application for test class com.example.demo.Test2ApplicationTests
05:45:06.925 [Test worker] DEBUG org.springframework.boot.test.context.SpringBootTestContextBootstrapper - @TestExecutionListeners is not present for class [com.example.demo.Test2ApplicationTests]: using defaults.
05:45:06.932 [Test worker] INFO org.springframework.boot.test.context.SpringBootTestContextBootstrapper - Loaded default TestExecutionListener class names from location [META-INF/spring.factories]: [org.springframework.boot.test.autoconfigure.restdocs.RestDocsTestExecutionListener, org.springframework.boot.test.autoconfigure.web.client.MockRestServiceServerResetTestExecutionListener, org.springframework.boot.test.autoconfigure.web.servlet.MockMvcPrintOnlyOnFailureTestExecutionListener, org.springframework.boot.test.autoconfigure.web.servlet.WebDriverTestExecutionListener, org.springframework.boot.test.autoconfigure.webservices.client.MockWebServiceServerTestExecutionListener, org.springframework.boot.test.mock.mockito.MockitoTestExecutionListener, org.springframework.boot.test.mock.mockito.ResetMocksTestExecutionListener, org.springframework.test.context.web.ServletTestExecutionListener, org.springframework.test.context.support.DirtiesContextBeforeModesTestExecutionListener, org.springframework.test.context.event.ApplicationEventsTestExecutionListener, org.springframework.test.context.support.DependencyInjectionTestExecutionListener, org.springframework.test.context.support.DirtiesContextTestExecutionListener, org.springframework.test.context.transaction.TransactionalTestExecutionListener, org.springframework.test.context.jdbc.SqlScriptsTestExecutionListener, org.springframework.test.context.event.EventPublishingTestExecutionListener]
05:45:07.212 [Test worker] INFO org.springframework.boot.test.context.SpringBootTestContextBootstrapper - Using TestExecutionListeners: [org.springframework.test.context.web.ServletTestExecutionListener@338494fa, org.springframework.test.context.support.DirtiesContextBeforeModesTestExecutionListener@505a9d7c, org.springframework.test.context.event.ApplicationEventsTestExecutionListener@758c83d8, org.springframework.boot.test.mock.mockito.MockitoTestExecutionListener@129b4fe2, org.springframework.boot.test.autoconfigure.SpringBootDependencyInjectionTestExecutionListener@5af3a0f, org.springframework.test.context.support.DirtiesContextTestExecutionListener@19ae6bb, org.springframework.test.context.transaction.TransactionalTestExecutionListener@10993713, org.springframework.test.context.jdbc.SqlScriptsTestExecutionListener@58359ebd, org.springframework.test.context.event.EventPublishingTestExecutionListener@24b6b8f6, org.springframework.boot.test.autoconfigure.restdocs.RestDocsTestExecutionListener@72cf2de5, org.springframework.boot.test.autoconfigure.web.client.MockRestServiceServerResetTestExecutionListener@2bb7bd00, org.springframework.boot.test.autoconfigure.web.servlet.MockMvcPrintOnlyOnFailureTestExecutionListener@5f031ebd, org.springframework.boot.test.autoconfigure.web.servlet.WebDriverTestExecutionListener@4ee37ca3, org.springframework.boot.test.autoconfigure.webservices.client.MockWebServiceServerTestExecutionListener@45c8d09f, org.springframework.boot.test.mock.mockito.ResetMocksTestExecutionListener@53812a9b]
05:45:07.262 [Test worker] DEBUG org.springframework.test.context.support.AbstractDirtiesContextTestExecutionListener - Before test class: context [DefaultTestContext@60dce7ea testClass = Test2ApplicationTests, testInstance = [null], testMethod = [null], testException = [null], mergedContextConfiguration = [WebMergedContextConfiguration@662f5666 testClass = Test2ApplicationTests, locations = '{}', classes = '{class com.example.demo.Test2Application}', contextInitializerClasses = '[]', activeProfiles = '{}', propertySourceLocations = '{}', propertySourceProperties = '{org.springframework.boot.test.context.SpringBootTestContextBootstrapper=true}', contextCustomizers = set[org.springframework.boot.test.autoconfigure.actuate.metrics.MetricsExportContextCustomizerFactory$DisableMetricExportContextCustomizer@7fbdb894, org.springframework.boot.test.autoconfigure.properties.PropertyMappingContextCustomizer@0, org.springframework.boot.test.autoconfigure.web.servlet.WebDriverContextCustomizerFactory$Customizer@8e50104, org.springframework.boot.test.context.filter.ExcludeFilterContextCustomizer@45a37759, org.springframework.boot.test.json.DuplicateJsonObjectContextCustomizerFactory$DuplicateJsonObjectContextCustomizer@2d778add, org.springframework.boot.test.mock.mockito.MockitoContextCustomizer@0, org.springframework.boot.test.web.client.TestRestTemplateContextCustomizer@71e9ebae, org.springframework.boot.test.context.SpringBootTestArgs@1, org.springframework.boot.test.context.SpringBootTestWebEnvironment@7c9d8e2], resourceBasePath = 'src/main/webapp', contextLoader = 'org.springframework.boot.test.context.SpringBootContextLoader', parent = [null]], attributes = map['org.springframework.test.context.web.ServletTestExecutionListener.activateListener' -> true]], class annotated with @DirtiesContext [false] with mode [null].
05:45:08.034 [Test worker] DEBUG org.springframework.boot.ApplicationServletEnvironment - Activating profiles []
05:45:08.041 [Test worker] DEBUG org.springframework.test.context.support.TestPropertySourceUtils - Adding inlined properties to environment: {spring.jmx.enabled=false, org.springframework.boot.test.context.SpringBootTestContextBootstrapper=true}

  .   ____          _            __ _ _
 /\\ / ___'_ __ _ _(_)_ __  __ _ \ \ \ \
( ( )\___ | '_ | '_| | '_ \/ _` | \ \ \ \
 \\/  ___)| |_)| | | | | || (_| |  ) ) ) )
  '  |____| .__|_| |_|_| |_\__, | / / / /
 =========|_|==============|___/=/_/_/_/
 :: Spring Boot ::                (v2.6.1)

2021-12-10 05:45:13.239  INFO 189 --- [    Test worker] com.example.demo.Test2ApplicationTests   : Starting Test2ApplicationTests using Java 11.0.13 on 317f0aaefef2 with PID 189 (started by root in /srv)
2021-12-10 05:45:13.264  INFO 189 --- [    Test worker] com.example.demo.Test2ApplicationTests   : No active profile set, falling back to default profiles: default
2021-12-10 05:45:40.945  INFO 189 --- [    Test worker] com.example.demo.Test2ApplicationTests   : Started Test2ApplicationTests in 32.928 seconds (JVM running for 43.74)
]]></system-out>
  <system-err><![CDATA[]]></system-err>
</testsuite>
